<?xml version="1.0" encoding="UTF-8"?>
<!-- Generated by org.testng.reporters.JUnitReportReporter -->
<testsuite hostname="DESKTOP-Q1UEB1N" failures="0" tests="1" name="com.pom.tests.Company_Test" time="17.663" errors="0" timestamp="2021-07-18T22:42:39 EDT" skipped="0">
  <testcase classname="com.pom.tests.Company_Test" name="TC1_CreateCompany" time="17.663"/>
</testsuite> <!-- com.pom.tests.Company_Test -->
